<?xml version="1.0" encoding="UTF-8"?>
<!-- Generated by org.testng.reporters.JUnitXMLReporter -->
<testsuite hostname="QEDGE12-PC" name="Smoke test" tests="1" failures="1" timestamp="4 Jan 2017 04:08:27 GMT" time="0.045" errors="0">
  <testcase name="method_C" time="0.008" classname="p1.Class_3">
    <failure type="java.lang.ArithmeticException" message="/ by zero">
      <![CDATA[java.lang.ArithmeticException: / by zero
	at p1.Class_3.method_C(Class_3.java:53)
	at java.util.concurrent.ThreadPoolExecutor.runWorker(ThreadPoolExecutor.java:1142)
	at java.util.concurrent.ThreadPoolExecutor$Worker.run(ThreadPoolExecutor.java:617)
	at java.lang.Thread.run(Thread.java:745)
... Removed 10 stack frames]]>
    </failure>
  </testcase> <!-- method_C -->
</testsuite> <!-- Smoke test -->
