<?xml version="1.0" encoding="UTF-8"?>
<testng-results skipped="0" failed="1" total="1" passed="0">
  <reporter-output>
  </reporter-output>
  <suite name="My Bank Application" duration-ms="45" started-at="2017-01-04T04:08:27Z" finished-at="2017-01-04T04:08:27Z">
    <groups>
    </groups>
    <test name="Smoke test" duration-ms="45" started-at="2017-01-04T04:08:27Z" finished-at="2017-01-04T04:08:27Z">
      <class name="p1.Class_3">
        <test-method status="FAIL" signature="method_C()[pri:0, instance:p1.Class_3@769c9116]" name="method_C" duration-ms="8" started-at="2017-01-04T09:38:27Z" finished-at="2017-01-04T09:38:27Z">
          <exception class="java.lang.ArithmeticException">
            <message>
              <![CDATA[/ by zero]]>
            </message>
            <full-stacktrace>
              <![CDATA[java.lang.ArithmeticException: / by zero
	at p1.Class_3.method_C(Class_3.java:53)
	at sun.reflect.NativeMethodAccessorImpl.invoke0(Native Method)
	at sun.reflect.NativeMethodAccessorImpl.invoke(NativeMethodAccessorImpl.java:62)
	at sun.reflect.DelegatingMethodAccessorImpl.invoke(DelegatingMethodAccessorImpl.java:43)
	at java.lang.reflect.Method.invoke(Method.java:498)
	at org.testng.internal.MethodInvocationHelper.invokeMethod(MethodInvocationHelper.java:100)
	at org.testng.internal.Invoker.invokeMethod(Invoker.java:646)
	at org.testng.internal.Invoker.invokeTestMethod(Invoker.java:811)
	at org.testng.internal.Invoker.invokeTestMethods(Invoker.java:1137)
	at org.testng.internal.TestMethodWorker.invokeTestMethods(TestMethodWorker.java:129)
	at org.testng.internal.TestMethodWorker.run(TestMethodWorker.java:112)
	at java.util.concurrent.ThreadPoolExecutor.runWorker(ThreadPoolExecutor.java:1142)
	at java.util.concurrent.ThreadPoolExecutor$Worker.run(ThreadPoolExecutor.java:617)
	at java.lang.Thread.run(Thread.java:745)
]]>
            </full-stacktrace>
          </exception> <!-- java.lang.ArithmeticException -->
          <reporter-output>
          </reporter-output>
        </test-method> <!-- method_C -->
      </class> <!-- p1.Class_3 -->
    </test> <!-- Smoke test -->
  </suite> <!-- My Bank Application -->
</testng-results>
